<?xml version="1.0" encoding="UTF-8"?>
<!-- Generated by org.testng.reporters.JUnitReportReporter -->
<testsuite hostname="Santhosh" failures="0" tests="4" name="api.test.UserTest" time="8.015" errors="0" timestamp="2023-12-27T09:09:40 IST" skipped="0">
  <testcase classname="api.test.UserTest" name="testDeleteRequest" time="1.263"/>
  <testcase classname="api.test.UserTest" name="testGetRequest" time="1.300"/>
  <testcase classname="api.test.UserTest" name="testUpdateRequest" time="1.290"/>
  <testcase classname="api.test.UserTest" name="testPostRequest" time="4.162"/>
</testsuite> <!-- api.test.UserTest -->
